\BOOKMARK [0][-]{chapter.1}{\376\377\0001\000.\000\040\000J\000\341\000t\000\351\000k\000f\000e\000j\000l\000e\000s\000z\000t\000\351\000s\000\040\000h\000\341\000t\000t\000e\000r\000e\000\040\000\351\000s\000\040\000t\000e\000c\000h\000n\000o\000l\000\363\000g\000i\000\341\000i}{}% 1
\BOOKMARK [1][-]{section.1.1}{\376\377\0001\000.\0001\000.\000\040\000J\000\341\000t\000\351\000k\000f\000e\000j\000l\000e\000s\000z\000t\000\351\000s\000\040\000t\000\366\000r\000t\000\351\000n\000e\000l\000m\000e}{chapter.1}% 2
\BOOKMARK [1][-]{section.1.2}{\376\377\0001\000.\0002\000.\000\040\000V\000i\000d\000e\000o\000j\000\341\000t\000\351\000k\000o\000k\000\040\000a\000k\000t\000u\000a\000l\000i\000t\000\341\000s\000a}{chapter.1}% 3
\BOOKMARK [1][-]{section.1.3}{\376\377\0001\000.\0003\000.\000\040\000J\000\341\000t\000\351\000k\000o\000k\000\040\000\351\000s\000\040\000t\000e\000c\000h\000n\000o\000l\000\363\000g\000i\000a\000i\000\040\000h\000o\000z\000z\000\341\000j\000\341\000r\000u\000l\000\341\000s\000a\000i\000k}{chapter.1}% 4
\BOOKMARK [2][-]{subsection.1.3.1}{\376\377\0001\000.\0003\000.\0001\000.\000\040\000F\000a\000s\000t\000\040\000I\000n\000v\000e\000r\000s\000e\000\040\000S\000q\000u\000a\000r\000e\000\040\000R\000o\000o\000t\000\040\000a\000l\000g\000o\000r\000i\000t\000m\000u\000s}{section.1.3}% 5
\BOOKMARK [2][-]{subsection.1.3.2}{\376\377\0001\000.\0003\000.\0002\000.\000\040\000H\000a\000l\000f\000-\000L\000i\000f\000e\000\040\000\351\000s\000\040\000a\000\040\000r\000e\000a\000l\000i\000z\000m\000u\000s}{section.1.3}% 6
\BOOKMARK [2][-]{subsection.1.3.3}{\376\377\0001\000.\0003\000.\0003\000.\000\040\000H\000a\000l\000f\000-\000L\000i\000f\000e\000\040\000\351\000s\000\040\000a\000\040\000m\000a\000p\000\040\000d\000e\000s\000i\000g\000n}{section.1.3}% 7
\BOOKMARK [2][-]{subsection.1.3.4}{\376\377\0001\000.\0003\000.\0004\000.\000\040\000H\000a\000l\000f\000-\000L\000i\000f\000e\000\040\000m\000o\000d\000o\000l\000h\000a\000t\000\363\000s\000\341\000g\000a}{section.1.3}% 8
\BOOKMARK [1][-]{section.1.4}{\376\377\0001\000.\0004\000.\000\040\000J\000\341\000t\000\351\000k\000m\000o\000d\000i\000f\000i\000k\000\341\000c\000i\000\363\000k\000\040\000j\000e\000l\000e\000n\000t\001\121\000s\000\351\000g\000e}{chapter.1}% 9
\BOOKMARK [1][-]{section.1.5}{\376\377\0001\000.\0005\000.\000\040\000J\000\341\000t\000\351\000k\000m\000o\000t\000o\000r\000o\000k}{chapter.1}% 10
\BOOKMARK [2][-]{subsection.1.5.1}{\376\377\0001\000.\0005\000.\0001\000.\000\040\000J\000\341\000t\000\351\000k\000m\000o\000t\000o\000r\000o\000k\000\040\000f\000e\000l\000a\000d\000a\000t\000a}{section.1.5}% 11
\BOOKMARK [2][-]{subsection.1.5.2}{\376\377\0001\000.\0005\000.\0002\000.\000\040\000D\000O\000O\000M\000\040\000E\000n\000g\000i\000n\000e}{section.1.5}% 12
\BOOKMARK [2][-]{subsection.1.5.3}{\376\377\0001\000.\0005\000.\0003\000.\000\040\000U\000n\000r\000e\000a\000l\000\040\000E\000n\000g\000i\000n\000e}{section.1.5}% 13
\BOOKMARK [2][-]{subsection.1.5.4}{\376\377\0001\000.\0005\000.\0004\000.\000\040\000U\000n\000i\000t\000y\000\040\000E\000n\000g\000i\000n\000e}{section.1.5}% 14
\BOOKMARK [0][-]{chapter.2}{\376\377\0002\000.\000\040\000U\000n\000i\000t\000y\000\040\000J\000\341\000t\000\351\000k\000f\000e\000j\000l\000e\000s\000z\000t\000\351\000s\000\040\000m\000e\000n\000e\000t\000e\000\040\000\351\000s\000\040\000k\000i\000v\000i\000t\000e\000l\000e\000z\000\351\000s\000e}{}% 15
\BOOKMARK [1][-]{section.2.1}{\376\377\0002\000.\0001\000.\000\040\000T\000e\000r\000v\000e\000z\000\351\000s}{chapter.2}% 16
\BOOKMARK [1][-]{section.2.2}{\376\377\0002\000.\0002\000.\000\040\000V\000e\000r\000z\000i\000\363\000k\000\366\000v\000e\000t\000\351\000s}{chapter.2}% 17
\BOOKMARK [1][-]{section.2.3}{\376\377\0002\000.\0003\000.\000\040\000C\000s\000a\000p\000a\000t\000m\000u\000n\000k\000a}{chapter.2}% 18
\BOOKMARK [1][-]{section.2.4}{\376\377\0002\000.\0004\000.\000\040\000C\000s\000a\000p\000a\000t\000b\000e\000l\000i\000\040\000k\000o\000m\000m\000u\000n\000i\000k\000\341\000c\000i\000\363}{chapter.2}% 19
\BOOKMARK [1][-]{section.2.5}{\376\377\0002\000.\0005\000.\000\040\000F\000e\000l\000a\000d\000a\000t\000o\000k\000\040\000m\000e\000g\000o\000s\000z\000t\000\341\000s\000a}{chapter.2}% 20
\BOOKMARK [1][-]{section.2.6}{\376\377\0002\000.\0006\000.\000\040\000F\000e\000j\000l\000e\000s\000z\000t\000\351\000s}{chapter.2}% 21
\BOOKMARK [2][-]{subsection.2.6.1}{\376\377\0002\000.\0006\000.\0001\000.\000\040\000F\001\121\000m\000e\000n\000\374}{section.2.6}% 22
\BOOKMARK [2][-]{subsection.2.6.2}{\376\377\0002\000.\0006\000.\0002\000.\000\040\000P\000l\000a\000t\000f\000o\000r\000m\000o\000k}{section.2.6}% 23
\BOOKMARK [1][-]{section.2.7}{\376\377\0002\000.\0007\000.\000\040\000J\000\341\000t\000\351\000k\000o\000s}{chapter.2}% 24
\BOOKMARK [2][-]{subsection.2.7.1}{\376\377\0002\000.\0007\000.\0001\000.\000\040\000M\000o\000z\000g\000\341\000s}{section.2.7}% 25
\BOOKMARK [0][-]{chapter.3}{\376\377\0003\000.\000\040\000T\000e\000s\000z\000t\000e\000l\000\351\000s}{}% 26
\BOOKMARK [0][-]{chapter*.6}{\376\377\000I\000r\000o\000d\000a\000l\000o\000m\000j\000e\000g\000y\000z\000\351\000k}{}% 27
